<?xml version="1.0" encoding="UTF-8"?>
<con:testCase id="ca8d30d3-6eac-4340-a1b3-5098f4144df0" discardOkResults="false" failOnError="false" failTestCaseOnErrors="true" keepSession="false" name="Test Case 2" searchProperties="true" timeout="0" xmlns:con="http://eviware.com/soapui/config"><con:settings id="fc68251c-a1f7-4971-88f6-13075b751c8b"><con:setting id="ca8d30d3-6eac-4340-a1b3-5098f4144df0fileName">Test-Case-2</con:setting></con:settings><con:testStep type="restrequest" name="Get Payee" id="2b0e1c1c-670f-418f-bcf5-28d9ad644460"><con:settings/><con:config service="Payees API" resourcePath="/payee/{payeeId}" methodName="GET" xsi:type="con:RestRequestStep" xmlns:xsi="http://www.w3.org/2001/XMLSchema-instance"><con:restRequest name="Get Payee" id="a390a7f7-3c7f-438f-884c-74d293e26bf5" mediaType="application/json"><con:settings><con:setting id="com.eviware.soapui.impl.wsdl.WsdlRequest@request-headers">&lt;con:entry key="Auth Token" value="Bearer xyz" xmlns:con="http://eviware.com/soapui/config"/></con:setting></con:settings><con:endpoint>http://localhost:8088</con:endpoint><con:request/><con:originalUri>https://virtserver.swaggerhub.com/Adrians_Org/Payees_API/1.2.0/payee/</con:originalUri><con:credentials><con:selectedAuthProfile>Inherit From Parent</con:selectedAuthProfile><con:authType>No Authorization</con:authType></con:credentials><con:jmsConfig JMSDeliveryMode="PERSISTENT"/><con:parameters><con:entry key="payeeId" value="${Data Source#payeeId}"/></con:parameters><con:parameterOrder><con:entry>payeeId</con:entry></con:parameterOrder></con:restRequest></con:config></con:testStep><con:properties/><con:reportParameters/></con:testCase>